time="2020-12-30 15:08:26" level=info msg="| 200 |  1.092326077s |             ::1 | POST | /lane/sendtemplate |"
time="2020-12-30 15:12:50" level=info msg="sendmsg :{Touser:o9vB25rakj42ha6w-7Q49udGu2Ik TemplateID:3WKxqIHJY5GEra7Xf5uz8xq9GwDnezYshnJzdZw4MQk URL:http://weixin.qq.com/download MiniProgram:{AppID: PagePath:} Data:{}}"
time="2020-12-30 15:12:50" level=info msg="AccessTokenTs:0,accesstoken:"
time="2020-12-30 15:12:50" level=info msg="url:https://api.weixin.qq.com/cgi-bin/token?grant_type=client_credential&appid=wx8aa615f8c0728a31&secret=76f18821982615844afd251c08ed74f1"
time="2020-12-30 15:12:51" level=info msg="sendtemplate accesstoken:40_fw5s2KCQcBarvHk_8PQrAAnxST1DJoFUfM8_UHFnKkVyUJI0d4lGZqAkjtkyn7yFp23MH4WOEcnEuGsWJE9IpzlBYmBMpqSKghuIOCzDQjV4TpoKYuMWTjtarmm65l_xsfVTwW6a9HTEZtE_RUKeAAAZCS"
time="2020-12-30 15:12:51" level=info msg="sendtemplemsg url:https://api.weixin.qq.com/cgi-bin/message/template/send?access_token=40_fw5s2KCQcBarvHk_8PQrAAnxST1DJoFUfM8_UHFnKkVyUJI0d4lGZqAkjtkyn7yFp23MH4WOEcnEuGsWJE9IpzlBYmBMpqSKghuIOCzDQjV4TpoKYuMWTjtarmm65l_xsfVTwW6a9HTEZtE_RUKeAAAZCS,body:{\"touser\":\"o9vB25rakj42ha6w-7Q49udGu2Ik\",\"template_id\":\"3WKxqIHJY5GEra7Xf5uz8xq9GwDnezYshnJzdZw4MQk\",\"url\":\"http://weixin.qq.com/download\",\"miniprogram\":{\"appid\":\"\"},\"data\":{}}"
time="2020-12-30 15:12:51" level=info msg="sendtemplemsg response :&{ErrCode:0 ErrMsg:ok MsgId:1673025663030657028}"
time="2020-12-30 15:12:51" level=info msg="| 200 |  928.614771ms |             ::1 | POST | /lane/sendtemplate |"
time="2020-12-30 15:22:26" level=info msg="sendmsg :{Touser:o9vB25rakj42ha6w-7Q49udGu2Ik TemplateID:3WKxqIHJY5GEra7Xf5uz8xq9GwDnezYshnJzdZw4MQk URL:http://weixin.qq.com/download MiniProgram:{AppID: PagePath:} Data:{}}"
time="2020-12-30 15:22:26" level=info msg="AccessTokenTs:0,accesstoken:"
time="2020-12-30 15:22:26" level=info msg="url:https://api.weixin.qq.com/cgi-bin/token?grant_type=client_credential&appid=wx8aa615f8c0728a31&secret=76f18821982615844afd251c08ed74f1"
time="2020-12-30 15:22:27" level=info msg="sendtemplate accesstoken:40_LmHXTAxsJxWfTXqVJYUNeAkfcneaYzBo1ba6G2APLZVEpk7RP0vRTeQLWlvcBtbJ8spEnMOMebn3DMFdlLQPYT5KaywC8HQpcNY-tdHcAp6tPu9diCXZ_rLAIkrJ6w6WxS9RhPWrzAwK3iu_DWKfABATMA"
time="2020-12-30 15:22:27" level=info msg="sendtemplemsg url:https://api.weixin.qq.com/cgi-bin/message/template/send?access_token=40_LmHXTAxsJxWfTXqVJYUNeAkfcneaYzBo1ba6G2APLZVEpk7RP0vRTeQLWlvcBtbJ8spEnMOMebn3DMFdlLQPYT5KaywC8HQpcNY-tdHcAp6tPu9diCXZ_rLAIkrJ6w6WxS9RhPWrzAwK3iu_DWKfABATMA,body:{\"touser\":\"o9vB25rakj42ha6w-7Q49udGu2Ik\",\"template_id\":\"3WKxqIHJY5GEra7Xf5uz8xq9GwDnezYshnJzdZw4MQk\",\"url\":\"http://weixin.qq.com/download\",\"miniprogram\":{\"appid\":\"\"},\"data\":{}}"
time="2020-12-30 15:22:27" level=info msg="sendtemplemsg response :&{ErrCode:0 ErrMsg:ok MsgId:1673035332528766984}"
time="2020-12-30 15:22:27" level=info msg="| 200 |  1.585850799s |             ::1 | POST | /lane/sendtemplate |"
time="2020-12-30 15:23:41" level=info msg="sendmsg :{Touser:o9vB25iK4rMPSjBC9XRr3qHei8JE TemplateID:3WKxqIHJY5GEra7Xf5uz8xq9GwDnezYshnJzdZw4MQk URL:http://weixin.qq.com/download MiniProgram:{AppID: PagePath:} Data:{}}"
time="2020-12-30 15:23:41" level=info msg="AccessTokenTs:1609320147,accesstoken:40_LmHXTAxsJxWfTXqVJYUNeAkfcneaYzBo1ba6G2APLZVEpk7RP0vRTeQLWlvcBtbJ8spEnMOMebn3DMFdlLQPYT5KaywC8HQpcNY-tdHcAp6tPu9diCXZ_rLAIkrJ6w6WxS9RhPWrzAwK3iu_DWKfABATMA"
time="2020-12-30 15:23:41" level=info msg="url:https://api.weixin.qq.com/cgi-bin/token?grant_type=client_credential&appid=wx8aa615f8c0728a31&secret=76f18821982615844afd251c08ed74f1"
time="2020-12-30 15:23:41" level=info msg="sendtemplate accesstoken:40_HxK1aHz0T6knSQh6oe-47qMHufC2OjVWhPEnc3kSyV4DVj7d56vwVrFbnSWX5PPUnE9d5cBu2cCoN2VKZi8c9FVRMN6jvAA61eEM3jTs3kt2eJ1O5CaE2DQHQJp155wiBYtw3ruhgtQxB2VVGSNeABAKWR"
time="2020-12-30 15:23:41" level=info msg="sendtemplemsg url:https://api.weixin.qq.com/cgi-bin/message/template/send?access_token=40_HxK1aHz0T6knSQh6oe-47qMHufC2OjVWhPEnc3kSyV4DVj7d56vwVrFbnSWX5PPUnE9d5cBu2cCoN2VKZi8c9FVRMN6jvAA61eEM3jTs3kt2eJ1O5CaE2DQHQJp155wiBYtw3ruhgtQxB2VVGSNeABAKWR,body:{\"touser\":\"o9vB25iK4rMPSjBC9XRr3qHei8JE\",\"template_id\":\"3WKxqIHJY5GEra7Xf5uz8xq9GwDnezYshnJzdZw4MQk\",\"url\":\"http://weixin.qq.com/download\",\"miniprogram\":{\"appid\":\"\"},\"data\":{}}"
time="2020-12-30 15:23:41" level=info msg="sendtemplemsg response :&{ErrCode:0 ErrMsg:ok MsgId:1673036575921782786}"
time="2020-12-30 15:23:41" level=info msg="| 200 |  398.278482ms |             ::1 | POST | /lane/sendtemplate |"
